<?xml version="1.0" encoding="UTF-8"?>
<coverage generated="1704222180743" clover="3.2.0">
  <project timestamp="1704222180743" name="All files">
    <metrics statements="94" coveredstatements="94" conditionals="28" coveredconditionals="28" methods="15" coveredmethods="15" elements="137" coveredelements="137" complexity="0" loc="94" ncloc="94" packages="1" files="2" classes="2"/>
    <file name="espto.ts" path="/mnt/c/Users/c_eps/Documents/Job Search/PursTakeHomeAssessment/espto.ts">
      <metrics statements="44" coveredstatements="44" conditionals="14" coveredconditionals="14" methods="11" coveredmethods="11"/>
      <line num="1" count="1" type="stmt"/>
      <line num="3" count="1" type="stmt"/>
      <line num="4" count="1" type="stmt"/>
      <line num="7" count="1" type="stmt"/>
      <line num="8" count="1" type="stmt"/>
      <line num="9" count="1" type="stmt"/>
      <line num="10" count="1" type="stmt"/>
      <line num="11" count="1" type="stmt"/>
      <line num="70" count="1" type="stmt"/>
      <line num="74" count="4" type="stmt"/>
      <line num="80" count="4" type="stmt"/>
      <line num="84" count="4" type="stmt"/>
      <line num="87" count="4" type="stmt"/>
      <line num="88" count="4" type="stmt"/>
      <line num="90" count="4" type="stmt"/>
      <line num="97" count="4" type="stmt"/>
      <line num="104" count="4" type="stmt"/>
      <line num="107" count="4" type="cond" truecount="3" falsecount="0"/>
      <line num="108" count="2" type="stmt"/>
      <line num="111" count="4" type="stmt"/>
      <line num="113" count="4" type="cond" truecount="1" falsecount="0"/>
      <line num="114" count="2" type="stmt"/>
      <line num="117" count="4" type="stmt"/>
      <line num="119" count="4" type="stmt"/>
      <line num="169" count="4" type="stmt"/>
      <line num="172" count="4" type="stmt"/>
      <line num="273" count="4" type="stmt"/>
      <line num="275" count="4" type="stmt"/>
      <line num="276" count="4" type="stmt"/>
      <line num="289" count="2" type="stmt"/>
      <line num="292" count="2" type="stmt"/>
      <line num="293" count="2" type="stmt"/>
      <line num="302" count="4" type="stmt"/>
      <line num="303" count="4" type="stmt"/>
      <line num="314" count="2" type="stmt"/>
      <line num="315" count="2" type="stmt"/>
      <line num="317" count="2" type="stmt"/>
      <line num="318" count="2" type="stmt"/>
      <line num="329" count="4" type="stmt"/>
      <line num="331" count="6" type="stmt"/>
      <line num="346" count="4" type="stmt"/>
      <line num="347" count="4" type="stmt"/>
      <line num="352" count="18" type="stmt"/>
      <line num="364" count="4" type="stmt"/>
    </file>
    <file name="minimalchanges.ts" path="/mnt/c/Users/c_eps/Documents/Job Search/PursTakeHomeAssessment/minimalchanges.ts">
      <metrics statements="50" coveredstatements="50" conditionals="14" coveredconditionals="14" methods="4" coveredmethods="4"/>
      <line num="3" count="1" type="stmt"/>
      <line num="5" count="1" type="stmt"/>
      <line num="6" count="1" type="stmt"/>
      <line num="8" count="1" type="stmt"/>
      <line num="9" count="1" type="stmt"/>
      <line num="10" count="1" type="stmt"/>
      <line num="11" count="1" type="stmt"/>
      <line num="12" count="1" type="stmt"/>
      <line num="14" count="1" type="stmt"/>
      <line num="15" count="1" type="stmt"/>
      <line num="16" count="1" type="stmt"/>
      <line num="17" count="1" type="stmt"/>
      <line num="18" count="1" type="stmt"/>
      <line num="76" count="4" type="stmt"/>
      <line num="86" count="4" type="stmt"/>
      <line num="88" count="4" type="stmt"/>
      <line num="90" count="4" type="stmt"/>
      <line num="91" count="4" type="stmt"/>
      <line num="92" count="4" type="stmt"/>
      <line num="94" count="4" type="stmt"/>
      <line num="102" count="4" type="stmt"/>
      <line num="104" count="4" type="stmt"/>
      <line num="114" count="4" type="stmt"/>
      <line num="179" count="4" type="stmt"/>
      <line num="180" count="4" type="stmt"/>
      <line num="181" count="4" type="stmt"/>
      <line num="184" count="4" type="cond" truecount="3" falsecount="0"/>
      <line num="185" count="2" type="stmt"/>
      <line num="187" count="2" type="stmt"/>
      <line num="188" count="2" type="stmt"/>
      <line num="209" count="2" type="stmt"/>
      <line num="210" count="2" type="stmt"/>
      <line num="212" count="2" type="stmt"/>
      <line num="215" count="4" type="stmt"/>
      <line num="216" count="4" type="stmt"/>
      <line num="218" count="4" type="cond" truecount="1" falsecount="0"/>
      <line num="219" count="2" type="stmt"/>
      <line num="220" count="2" type="stmt"/>
      <line num="221" count="2" type="stmt"/>
      <line num="259" count="2" type="stmt"/>
      <line num="260" count="2" type="stmt"/>
      <line num="262" count="2" type="stmt"/>
      <line num="265" count="4" type="stmt"/>
      <line num="267" count="6" type="stmt"/>
      <line num="279" count="4" type="stmt"/>
      <line num="280" count="4" type="stmt"/>
      <line num="282" count="4" type="stmt"/>
      <line num="284" count="4" type="stmt"/>
      <line num="286" count="4" type="stmt"/>
      <line num="290" count="16" type="stmt"/>
    </file>
  </project>
</coverage>
