{"/mnt/c/Users/c_eps/Documents/Job Search/PursTakeHomeAssessment/espto.ts": {"path":"/mnt/c/Users/c_eps/Documents/Job Search/PursTakeHomeAssessment/espto.ts","statementMap":{"0":{"start":{"line":1,"column":0},"end":{"line":1,"column":41}},"1":{"start":{"line":3,"column":0},"end":{"line":3,"column":36}},"2":{"start":{"line":4,"column":12},"end":{"line":4,"column":32}},"3":{"start":{"line":7,"column":13},"end":{"line":7,"column":67}},"4":{"start":{"line":8,"column":13},"end":{"line":8,"column":83}},"5":{"start":{"line":9,"column":13},"end":{"line":9,"column":77}},"6":{"start":{"line":10,"column":13},"end":{"line":10,"column":89}},"7":{"start":{"line":11,"column":13},"end":{"line":11,"column":75}},"8":{"start":{"line":70,"column":43},"end":{"line":120,"column":null}},"9":{"start":{"line":74,"column":21},"end":{"line":120,"column":null}},"10":{"start":{"line":80,"column":6},"end":{"line":80,"column":29}},"11":{"start":{"line":84,"column":6},"end":{"line":84,"column":26}},"12":{"start":{"line":87,"column":35},"end":{"line":87,"column":37}},"13":{"start":{"line":88,"column":34},"end":{"line":88,"column":58}},"14":{"start":{"line":90,"column":23},"end":{"line":94,"column":4}},"15":{"start":{"line":97,"column":42},"end":{"line":101,"column":null}},"16":{"start":{"line":104,"column":2},"end":{"line":104,"column":52}},"17":{"start":{"line":107,"column":2},"end":{"line":109,"column":3}},"18":{"start":{"line":108,"column":4},"end":{"line":108,"column":70}},"19":{"start":{"line":111,"column":2},"end":{"line":111,"column":34}},"20":{"start":{"line":113,"column":2},"end":{"line":115,"column":3}},"21":{"start":{"line":114,"column":4},"end":{"line":114,"column":58}},"22":{"start":{"line":117,"column":2},"end":{"line":117,"column":56}},"23":{"start":{"line":119,"column":2},"end":{"line":119,"column":15}},"24":{"start":{"line":70,"column":13},"end":{"line":70,"column":43}},"25":{"start":{"line":169,"column":6},"end":{"line":169,"column":29}},"26":{"start":{"line":172,"column":2},"end":{"line":262,"column":null}},"27":{"start":{"line":273,"column":2},"end":{"line":273,"column":50}},"28":{"start":{"line":275,"column":2},"end":{"line":275,"column":34}},"29":{"start":{"line":276,"column":2},"end":{"line":276,"column":54}},"30":{"start":{"line":289,"column":2},"end":{"line":289,"column":49}},"31":{"start":{"line":292,"column":2},"end":{"line":292,"column":42}},"32":{"start":{"line":293,"column":2},"end":{"line":293,"column":54}},"33":{"start":{"line":302,"column":2},"end":{"line":302,"column":39}},"34":{"start":{"line":303,"column":2},"end":{"line":303,"column":54}},"35":{"start":{"line":314,"column":2},"end":{"line":314,"column":58}},"36":{"start":{"line":315,"column":2},"end":{"line":315,"column":51}},"37":{"start":{"line":317,"column":2},"end":{"line":317,"column":45}},"38":{"start":{"line":318,"column":2},"end":{"line":318,"column":54}},"39":{"start":{"line":329,"column":50},"end":{"line":329,"column":95}},"40":{"start":{"line":331,"column":2},"end":{"line":344,"column":5}},"41":{"start":{"line":331,"column":62},"end":{"line":344,"column":4}},"42":{"start":{"line":346,"column":2},"end":{"line":346,"column":43}},"43":{"start":{"line":347,"column":2},"end":{"line":347,"column":64}},"44":{"start":{"line":352,"column":2},"end":{"line":352,"column":22}},"45":{"start":{"line":364,"column":2},"end":{"line":371,"column":null}}},"fnMap":{"0":{"name":"(anonymous_7)","decl":{"start":{"line":70,"column":43},"end":{"line":70,"column":null}},"loc":{"start":{"line":74,"column":21},"end":{"line":120,"column":null}}},"1":{"name":"(anonymous_8)","decl":{"start":{"line":74,"column":21},"end":{"line":74,"column":null}},"loc":{"start":{"line":74,"column":21},"end":{"line":120,"column":1}}},"2":{"name":"generateExecuteStatementRequest","decl":{"start":{"line":143,"column":9},"end":{"line":143,"column":40}},"loc":{"start":{"line":156,"column":25},"end":{"line":263,"column":1}}},"3":{"name":"insertPayment","decl":{"start":{"line":272,"column":15},"end":{"line":272,"column":28}},"loc":{"start":{"line":272,"column":99},"end":{"line":277,"column":null}}},"4":{"name":"insertFedNow","decl":{"start":{"line":286,"column":15},"end":{"line":286,"column":27}},"loc":{"start":{"line":287,"column":25},"end":{"line":294,"column":null}}},"5":{"name":"insertLedgerEntry","decl":{"start":{"line":301,"column":15},"end":{"line":301,"column":32}},"loc":{"start":{"line":301,"column":64},"end":{"line":304,"column":null}}},"6":{"name":"insertPromoLedger","decl":{"start":{"line":313,"column":15},"end":{"line":313,"column":32}},"loc":{"start":{"line":313,"column":103},"end":{"line":319,"column":null}}},"7":{"name":"insertTransaction","decl":{"start":{"line":328,"column":15},"end":{"line":328,"column":32}},"loc":{"start":{"line":328,"column":103},"end":{"line":348,"column":null}}},"8":{"name":"(anonymous_20)","decl":{"start":{"line":331,"column":48},"end":{"line":331,"column":49}},"loc":{"start":{"line":331,"column":62},"end":{"line":344,"column":4}}},"9":{"name":"generateRandomBinary","decl":{"start":{"line":351,"column":9},"end":{"line":351,"column":29}},"loc":{"start":{"line":351,"column":42},"end":{"line":353,"column":1}}},"10":{"name":"convertExecuteStatementRequestToBatch","decl":{"start":{"line":361,"column":9},"end":{"line":361,"column":46}},"loc":{"start":{"line":361,"column":95},"end":{"line":372,"column":1}}}},"branchMap":{"0":{"loc":{"start":{"line":107,"column":2},"end":{"line":109,"column":3}},"type":"if","locations":[{"start":{"line":107,"column":2},"end":{"line":109,"column":3}}]},"1":{"loc":{"start":{"line":107,"column":6},"end":{"line":107,"column":39}},"type":"binary-expr","locations":[{"start":{"line":107,"column":6},"end":{"line":107,"column":25}},{"start":{"line":107,"column":29},"end":{"line":107,"column":39}}]},"2":{"loc":{"start":{"line":113,"column":2},"end":{"line":115,"column":3}},"type":"if","locations":[{"start":{"line":113,"column":2},"end":{"line":115,"column":3}}]},"3":{"loc":{"start":{"line":212,"column":23},"end":{"line":213,"column":79}},"type":"cond-expr","locations":[{"start":{"line":213,"column":12},"end":{"line":213,"column":21}},{"start":{"line":213,"column":24},"end":{"line":213,"column":79}}]},"4":{"loc":{"start":{"line":212,"column":23},"end":{"line":212,"column":56}},"type":"binary-expr","locations":[{"start":{"line":212,"column":23},"end":{"line":212,"column":42}},{"start":{"line":212,"column":46},"end":{"line":212,"column":56}}]},"5":{"loc":{"start":{"line":214,"column":18},"end":{"line":214,"column":51}},"type":"binary-expr","locations":[{"start":{"line":214,"column":18},"end":{"line":214,"column":37}},{"start":{"line":214,"column":41},"end":{"line":214,"column":51}}]},"6":{"loc":{"start":{"line":240,"column":23},"end":{"line":240,"column":66}},"type":"cond-expr","locations":[{"start":{"line":240,"column":61},"end":{"line":240,"column":62}},{"start":{"line":240,"column":65},"end":{"line":240,"column":66}}]},"7":{"loc":{"start":{"line":240,"column":23},"end":{"line":240,"column":58}},"type":"binary-expr","locations":[{"start":{"line":240,"column":23},"end":{"line":240,"column":42}},{"start":{"line":240,"column":46},"end":{"line":240,"column":58}}]}},"s":{"0":1,"1":1,"2":1,"3":1,"4":1,"5":1,"6":1,"7":1,"8":1,"9":4,"10":4,"11":4,"12":4,"13":4,"14":4,"15":4,"16":4,"17":4,"18":2,"19":4,"20":4,"21":2,"22":4,"23":4,"24":1,"25":4,"26":4,"27":4,"28":4,"29":4,"30":2,"31":2,"32":2,"33":4,"34":4,"35":2,"36":2,"37":2,"38":2,"39":4,"40":4,"41":6,"42":4,"43":4,"44":18,"45":4},"f":{"0":4,"1":4,"2":4,"3":4,"4":2,"5":4,"6":2,"7":4,"8":6,"9":18,"10":4},"b":{"0":[2],"1":[4,4],"2":[2],"3":[2,2],"4":[4,4],"5":[4,4],"6":[2,2],"7":[4,4]}}
,"/mnt/c/Users/c_eps/Documents/Job Search/PursTakeHomeAssessment/minimalchanges.ts": {"path":"/mnt/c/Users/c_eps/Documents/Job Search/PursTakeHomeAssessment/minimalchanges.ts","statementMap":{"0":{"start":{"line":3,"column":0},"end":{"line":3,"column":35}},"1":{"start":{"line":5,"column":12},"end":{"line":5,"column":30}},"2":{"start":{"line":6,"column":12},"end":{"line":6,"column":36}},"3":{"start":{"line":8,"column":13},"end":{"line":8,"column":67}},"4":{"start":{"line":9,"column":13},"end":{"line":9,"column":83}},"5":{"start":{"line":10,"column":13},"end":{"line":10,"column":77}},"6":{"start":{"line":11,"column":13},"end":{"line":11,"column":89}},"7":{"start":{"line":12,"column":13},"end":{"line":12,"column":75}},"8":{"start":{"line":14,"column":25},"end":{"line":14,"column":43}},"9":{"start":{"line":15,"column":31},"end":{"line":15,"column":57}},"10":{"start":{"line":16,"column":29},"end":{"line":16,"column":52}},"11":{"start":{"line":17,"column":34},"end":{"line":17,"column":63}},"12":{"start":{"line":18,"column":26},"end":{"line":18,"column":48}},"13":{"start":{"line":76,"column":43},"end":{"line":287,"column":null}},"14":{"start":{"line":76,"column":117},"end":{"line":287,"column":null}},"15":{"start":{"line":86,"column":6},"end":{"line":86,"column":29}},"16":{"start":{"line":88,"column":26},"end":{"line":88,"column":46}},"17":{"start":{"line":90,"column":23},"end":{"line":90,"column":25}},"18":{"start":{"line":91,"column":20},"end":{"line":91,"column":44}},"19":{"start":{"line":92,"column":22},"end":{"line":92,"column":46}},"20":{"start":{"line":94,"column":16},"end":{"line":100,"column":null}},"21":{"start":{"line":102,"column":2},"end":{"line":102,"column":null}},"22":{"start":{"line":104,"column":17},"end":{"line":112,"column":null}},"23":{"start":{"line":114,"column":2},"end":{"line":177,"column":null}},"24":{"start":{"line":179,"column":2},"end":{"line":179,"column":null}},"25":{"start":{"line":180,"column":2},"end":{"line":180,"column":null}},"26":{"start":{"line":181,"column":2},"end":{"line":181,"column":null}},"27":{"start":{"line":184,"column":2},"end":{"line":213,"column":3}},"28":{"start":{"line":185,"column":28},"end":{"line":185,"column":52}},"29":{"start":{"line":187,"column":4},"end":{"line":187,"column":null}},"30":{"start":{"line":188,"column":4},"end":{"line":207,"column":null}},"31":{"start":{"line":209,"column":4},"end":{"line":209,"column":null}},"32":{"start":{"line":210,"column":4},"end":{"line":210,"column":null}},"33":{"start":{"line":212,"column":4},"end":{"line":212,"column":null}},"34":{"start":{"line":215,"column":2},"end":{"line":215,"column":null}},"35":{"start":{"line":216,"column":2},"end":{"line":216,"column":null}},"36":{"start":{"line":218,"column":2},"end":{"line":263,"column":3}},"37":{"start":{"line":219,"column":4},"end":{"line":219,"column":null}},"38":{"start":{"line":220,"column":4},"end":{"line":220,"column":null}},"39":{"start":{"line":221,"column":4},"end":{"line":258,"column":null}},"40":{"start":{"line":259,"column":4},"end":{"line":259,"column":null}},"41":{"start":{"line":260,"column":4},"end":{"line":260,"column":null}},"42":{"start":{"line":262,"column":4},"end":{"line":262,"column":null}},"43":{"start":{"line":265,"column":28},"end":{"line":265,"column":52}},"44":{"start":{"line":267,"column":2},"end":{"line":277,"column":null}},"45":{"start":{"line":267,"column":59},"end":{"line":277,"column":4}},"46":{"start":{"line":279,"column":2},"end":{"line":279,"column":null}},"47":{"start":{"line":280,"column":2},"end":{"line":280,"column":null}},"48":{"start":{"line":282,"column":2},"end":{"line":282,"column":null}},"49":{"start":{"line":284,"column":2},"end":{"line":284,"column":null}},"50":{"start":{"line":286,"column":2},"end":{"line":286,"column":null}},"51":{"start":{"line":76,"column":13},"end":{"line":76,"column":43}},"52":{"start":{"line":290,"column":2},"end":{"line":290,"column":22}}},"fnMap":{"0":{"name":"(anonymous_7)","decl":{"start":{"line":76,"column":43},"end":{"line":76,"column":50}},"loc":{"start":{"line":76,"column":117},"end":{"line":287,"column":null}}},"1":{"name":"(anonymous_8)","decl":{"start":{"line":76,"column":117},"end":{"line":76,"column":null}},"loc":{"start":{"line":76,"column":117},"end":{"line":287,"column":1}}},"2":{"name":"(anonymous_9)","decl":{"start":{"line":267,"column":42},"end":{"line":267,"column":43}},"loc":{"start":{"line":267,"column":59},"end":{"line":277,"column":4}}},"3":{"name":"generateRandomBinary","decl":{"start":{"line":289,"column":9},"end":{"line":289,"column":29}},"loc":{"start":{"line":289,"column":42},"end":{"line":291,"column":1}}}},"branchMap":{"0":{"loc":{"start":{"line":148,"column":21},"end":{"line":148,"column":124}},"type":"cond-expr","locations":[{"start":{"line":148,"column":57},"end":{"line":148,"column":66}},{"start":{"line":148,"column":69},"end":{"line":148,"column":124}}]},"1":{"loc":{"start":{"line":148,"column":21},"end":{"line":148,"column":54}},"type":"binary-expr","locations":[{"start":{"line":148,"column":21},"end":{"line":148,"column":40}},{"start":{"line":148,"column":44},"end":{"line":148,"column":54}}]},"2":{"loc":{"start":{"line":149,"column":16},"end":{"line":149,"column":49}},"type":"binary-expr","locations":[{"start":{"line":149,"column":16},"end":{"line":149,"column":35}},{"start":{"line":149,"column":39},"end":{"line":149,"column":49}}]},"3":{"loc":{"start":{"line":174,"column":21},"end":{"line":174,"column":64}},"type":"cond-expr","locations":[{"start":{"line":174,"column":59},"end":{"line":174,"column":60}},{"start":{"line":174,"column":63},"end":{"line":174,"column":64}}]},"4":{"loc":{"start":{"line":174,"column":21},"end":{"line":174,"column":56}},"type":"binary-expr","locations":[{"start":{"line":174,"column":21},"end":{"line":174,"column":40}},{"start":{"line":174,"column":44},"end":{"line":174,"column":56}}]},"5":{"loc":{"start":{"line":184,"column":2},"end":{"line":213,"column":3}},"type":"if","locations":[{"start":{"line":184,"column":2},"end":{"line":213,"column":3}}]},"6":{"loc":{"start":{"line":184,"column":6},"end":{"line":184,"column":39}},"type":"binary-expr","locations":[{"start":{"line":184,"column":6},"end":{"line":184,"column":25}},{"start":{"line":184,"column":29},"end":{"line":184,"column":39}}]},"7":{"loc":{"start":{"line":218,"column":2},"end":{"line":263,"column":3}},"type":"if","locations":[{"start":{"line":218,"column":2},"end":{"line":263,"column":3}}]}},"s":{"0":1,"1":1,"2":1,"3":1,"4":1,"5":1,"6":1,"7":1,"8":1,"9":1,"10":1,"11":1,"12":1,"13":1,"14":4,"15":4,"16":4,"17":4,"18":4,"19":4,"20":4,"21":4,"22":4,"23":4,"24":4,"25":4,"26":4,"27":4,"28":2,"29":2,"30":2,"31":2,"32":2,"33":2,"34":4,"35":4,"36":4,"37":2,"38":2,"39":2,"40":2,"41":2,"42":2,"43":4,"44":4,"45":6,"46":4,"47":4,"48":4,"49":4,"50":4,"51":1,"52":16},"f":{"0":4,"1":4,"2":6,"3":16},"b":{"0":[2,2],"1":[4,4],"2":[4,4],"3":[2,2],"4":[4,4],"5":[2],"6":[4,4],"7":[2]}}
}
