TN:
SF:espto.ts
FN:70,(anonymous_7)
FN:74,(anonymous_8)
FN:143,generateExecuteStatementRequest
FN:272,insertPayment
FN:286,insertFedNow
FN:301,insertLedgerEntry
FN:313,insertPromoLedger
FN:328,insertTransaction
FN:331,(anonymous_20)
FN:351,generateRandomBinary
FN:361,convertExecuteStatementRequestToBatch
FNF:11
FNH:11
FNDA:4,(anonymous_7)
FNDA:4,(anonymous_8)
FNDA:4,generateExecuteStatementRequest
FNDA:4,insertPayment
FNDA:2,insertFedNow
FNDA:4,insertLedgerEntry
FNDA:2,insertPromoLedger
FNDA:4,insertTransaction
FNDA:6,(anonymous_20)
FNDA:18,generateRandomBinary
FNDA:4,convertExecuteStatementRequestToBatch
DA:1,1
DA:3,1
DA:4,1
DA:7,1
DA:8,1
DA:9,1
DA:10,1
DA:11,1
DA:70,1
DA:74,4
DA:80,4
DA:84,4
DA:87,4
DA:88,4
DA:90,4
DA:97,4
DA:104,4
DA:107,4
DA:108,2
DA:111,4
DA:113,4
DA:114,2
DA:117,4
DA:119,4
DA:169,4
DA:172,4
DA:273,4
DA:275,4
DA:276,4
DA:289,2
DA:292,2
DA:293,2
DA:302,4
DA:303,4
DA:314,2
DA:315,2
DA:317,2
DA:318,2
DA:329,4
DA:331,6
DA:346,4
DA:347,4
DA:352,18
DA:364,4
LF:44
LH:44
BRDA:107,0,0,2
BRDA:107,1,0,4
BRDA:107,1,1,4
BRDA:113,2,0,2
BRDA:212,3,0,2
BRDA:212,3,1,2
BRDA:212,4,0,4
BRDA:212,4,1,4
BRDA:214,5,0,4
BRDA:214,5,1,4
BRDA:240,6,0,2
BRDA:240,6,1,2
BRDA:240,7,0,4
BRDA:240,7,1,4
BRF:14
BRH:14
end_of_record
TN:
SF:minimalchanges.ts
FN:76,(anonymous_7)
FN:76,(anonymous_8)
FN:267,(anonymous_9)
FN:289,generateRandomBinary
FNF:4
FNH:4
FNDA:4,(anonymous_7)
FNDA:4,(anonymous_8)
FNDA:6,(anonymous_9)
FNDA:16,generateRandomBinary
DA:3,1
DA:5,1
DA:6,1
DA:8,1
DA:9,1
DA:10,1
DA:11,1
DA:12,1
DA:14,1
DA:15,1
DA:16,1
DA:17,1
DA:18,1
DA:76,4
DA:86,4
DA:88,4
DA:90,4
DA:91,4
DA:92,4
DA:94,4
DA:102,4
DA:104,4
DA:114,4
DA:179,4
DA:180,4
DA:181,4
DA:184,4
DA:185,2
DA:187,2
DA:188,2
DA:209,2
DA:210,2
DA:212,2
DA:215,4
DA:216,4
DA:218,4
DA:219,2
DA:220,2
DA:221,2
DA:259,2
DA:260,2
DA:262,2
DA:265,4
DA:267,6
DA:279,4
DA:280,4
DA:282,4
DA:284,4
DA:286,4
DA:290,16
LF:50
LH:50
BRDA:148,0,0,2
BRDA:148,0,1,2
BRDA:148,1,0,4
BRDA:148,1,1,4
BRDA:149,2,0,4
BRDA:149,2,1,4
BRDA:174,3,0,2
BRDA:174,3,1,2
BRDA:174,4,0,4
BRDA:174,4,1,4
BRDA:184,5,0,2
BRDA:184,6,0,4
BRDA:184,6,1,4
BRDA:218,7,0,2
BRF:14
BRH:14
end_of_record
